<?xml version="1.0" encoding="UTF-8"?>
<!-- Generated by org.testng.reporters.JUnitXMLReporter -->
<testsuite ignored="0" hostname="DESKTOP-9PR04K0" failures="1" tests="1" name="Default test(failed)" time="22.042" errors="0" timestamp="2022-06-16T09:06:15 IST">
  <testcase classname="Test.PinPageTest" name="loginwithcredentialTest" time="9.464">
    <failure type="java.lang.AssertionError" message="expected [false] but found [true]">
      <![CDATA[java.lang.AssertionError: expected [false] but found [true]
at POM.ZerodhaLogin.positionverify1(ZerodhaLogin.java:56)
at Test.PinPageTest.loginwithcredentialTest(PinPageTest.java:39)
at java.base/java.util.ArrayList.forEach(ArrayList.java:1511)
... Removed 31 stack frames]]>
    </failure>
  </testcase> <!-- loginwithcredentialTest -->
</testsuite> <!-- Default test(failed) -->
